<?xml version="1.0" encoding="UTF-8"?>
<testsuite name="CoinMachineTest" tests="8" skipped="0" failures="0" errors="0" timestamp="2016-02-11T18:22:08" hostname="epicodus-68.local" time="0.398">
  <properties/>
  <testcase name="makeChange_for25cents_1quarter" classname="CoinMachineTest" time="0.002"/>
  <testcase name="makeChange_for5cents_1nickel" classname="CoinMachineTest" time="0.0"/>
  <testcase name="makeChange_for67cents_allCorrect" classname="CoinMachineTest" time="0.0"/>
  <testcase name="makeMoreChange" classname="CoinMachineTest" time="0.345"/>
  <testcase name="makeChange" classname="CoinMachineTest" time="0.016"/>
  <testcase name="rootTest" classname="CoinMachineTest" time="0.007"/>
  <testcase name="makeChange_for10cents_1dime" classname="CoinMachineTest" time="0.0"/>
  <testcase name="makeChange_for3cents_3pennies" classname="CoinMachineTest" time="0.0"/>
  <system-out><![CDATA[]]></system-out>
  <system-err><![CDATA[[Thread-4] INFO spark.webserver.SparkServer - == Spark has ignited ...
[Thread-4] INFO spark.webserver.SparkServer - >> Listening on 0.0.0.0:4567
[Thread-4] INFO org.eclipse.jetty.server.Server - jetty-9.0.2.v20130417
[Thread-4] INFO org.eclipse.jetty.server.ServerConnector - Started ServerConnector@5842005d{HTTP/1.1}{0.0.0.0:4567}
[Test worker] INFO spark.webserver.SparkServer - >>> Spark shutting down ...
[Test worker] INFO org.eclipse.jetty.server.Server - Graceful shutdown org.eclipse.jetty.server.Server@2d4ea498 by 
[Test worker] INFO org.eclipse.jetty.server.ServerConnector - Stopped ServerConnector@5842005d{HTTP/1.1}{0.0.0.0:4567}
[Test worker] INFO spark.webserver.SparkServer - done
]]></system-err>
</testsuite>
